FW(A,k,k,k,B) = FW(A,0,0,0,3)
FW: K = 0, I = 0, J = 0, N = 3
A[0][0] = min(A[0][0], A[0][0]+A[0][0])
A[0][1] = min(A[0][1], A[0][0]+A[0][1])
A[0][2] = min(A[0][2], A[0][0]+A[0][2])
A[1][0] = min(A[1][0], A[1][0]+A[0][0])
A[1][1] = min(A[1][1], A[1][0]+A[0][1])
A[1][2] = min(A[1][2], A[1][0]+A[0][2])
A[2][0] = min(A[2][0], A[2][0]+A[0][0])
A[2][1] = min(A[2][1], A[2][0]+A[0][1])
A[2][2] = min(A[2][2], A[2][0]+A[0][2])
A[0][0] = min(A[0][0], A[0][1]+A[1][0])
A[0][1] = min(A[0][1], A[0][1]+A[1][1])
A[0][2] = min(A[0][2], A[0][1]+A[1][2])
A[1][0] = min(A[1][0], A[1][1]+A[1][0])
A[1][1] = min(A[1][1], A[1][1]+A[1][1])
A[1][2] = min(A[1][2], A[1][1]+A[1][2])
A[2][0] = min(A[2][0], A[2][1]+A[1][0])
A[2][1] = min(A[2][1], A[2][1]+A[1][1])
A[2][2] = min(A[2][2], A[2][1]+A[1][2])
A[0][0] = min(A[0][0], A[0][2]+A[2][0])
A[0][1] = min(A[0][1], A[0][2]+A[2][1])
A[0][2] = min(A[0][2], A[0][2]+A[2][2])
A[1][0] = min(A[1][0], A[1][2]+A[2][0])
A[1][1] = min(A[1][1], A[1][2]+A[2][1])
A[1][2] = min(A[1][2], A[1][2]+A[2][2])
A[2][0] = min(A[2][0], A[2][2]+A[2][0])
A[2][1] = min(A[2][1], A[2][2]+A[2][1])
A[2][2] = min(A[2][2], A[2][2]+A[2][2])
FW(A,k,i,k,B) = FW(A,0,0,0,3)
FW(A,k,i,k,B) = FW(A,0,3,0,3)
FW: K = 0, I = 3, J = 0, N = 3
A[3][0] = min(A[3][0], A[3][0]+A[0][0])
A[3][1] = min(A[3][1], A[3][0]+A[0][1])
A[3][2] = min(A[3][2], A[3][0]+A[0][2])
A[4][0] = min(A[4][0], A[4][0]+A[0][0])
A[4][1] = min(A[4][1], A[4][0]+A[0][1])
A[4][2] = min(A[4][2], A[4][0]+A[0][2])
A[5][0] = min(A[5][0], A[5][0]+A[0][0])
A[5][1] = min(A[5][1], A[5][0]+A[0][1])
A[5][2] = min(A[5][2], A[5][0]+A[0][2])
A[3][0] = min(A[3][0], A[3][1]+A[1][0])
A[3][1] = min(A[3][1], A[3][1]+A[1][1])
A[3][2] = min(A[3][2], A[3][1]+A[1][2])
A[4][0] = min(A[4][0], A[4][1]+A[1][0])
A[4][1] = min(A[4][1], A[4][1]+A[1][1])
A[4][2] = min(A[4][2], A[4][1]+A[1][2])
A[5][0] = min(A[5][0], A[5][1]+A[1][0])
A[5][1] = min(A[5][1], A[5][1]+A[1][1])
A[5][2] = min(A[5][2], A[5][1]+A[1][2])
A[3][0] = min(A[3][0], A[3][2]+A[2][0])
A[3][1] = min(A[3][1], A[3][2]+A[2][1])
A[3][2] = min(A[3][2], A[3][2]+A[2][2])
A[4][0] = min(A[4][0], A[4][2]+A[2][0])
A[4][1] = min(A[4][1], A[4][2]+A[2][1])
A[4][2] = min(A[4][2], A[4][2]+A[2][2])
A[5][0] = min(A[5][0], A[5][2]+A[2][0])
A[5][1] = min(A[5][1], A[5][2]+A[2][1])
A[5][2] = min(A[5][2], A[5][2]+A[2][2])
FW: K = 0, I = 6, J = 0, N = 3
A[6][0] = min(A[6][0], A[6][0]+A[0][0])
A[6][1] = min(A[6][1], A[6][0]+A[0][1])
A[6][2] = min(A[6][2], A[6][0]+A[0][2])
A[7][0] = min(A[7][0], A[7][0]+A[0][0])
A[7][1] = min(A[7][1], A[7][0]+A[0][1])
A[7][2] = min(A[7][2], A[7][0]+A[0][2])
A[8][0] = min(A[8][0], A[8][0]+A[0][0])
A[8][1] = min(A[8][1], A[8][0]+A[0][1])
A[8][2] = min(A[8][2], A[8][0]+A[0][2])
A[6][0] = min(A[6][0], A[6][1]+A[1][0])
A[6][1] = min(A[6][1], A[6][1]+A[1][1])
A[6][2] = min(A[6][2], A[6][1]+A[1][2])
A[7][0] = min(A[7][0], A[7][1]+A[1][0])
A[7][1] = min(A[7][1], A[7][1]+A[1][1])
A[7][2] = min(A[7][2], A[7][1]+A[1][2])
A[8][0] = min(A[8][0], A[8][1]+A[1][0])
A[8][1] = min(A[8][1], A[8][1]+A[1][1])
A[8][2] = min(A[8][2], A[8][1]+A[1][2])
A[6][0] = min(A[6][0], A[6][2]+A[2][0])
A[6][1] = min(A[6][1], A[6][2]+A[2][1])
A[6][2] = min(A[6][2], A[6][2]+A[2][2])
A[7][0] = min(A[7][0], A[7][2]+A[2][0])
A[7][1] = min(A[7][1], A[7][2]+A[2][1])
A[7][2] = min(A[7][2], A[7][2]+A[2][2])
A[8][0] = min(A[8][0], A[8][2]+A[2][0])
A[8][1] = min(A[8][1], A[8][2]+A[2][1])
A[8][2] = min(A[8][2], A[8][2]+A[2][2])
FW(A,k,k,j,B) = FW(A,0,0,0,3)
FW(A,k,k,j,B) = FW(A,0,0,3,3)
FW: K = 0, I = 0, J = 3, N = 3
A[0][3] = min(A[0][3], A[0][0]+A[0][3])
A[0][4] = min(A[0][4], A[0][0]+A[0][4])
A[0][5] = min(A[0][5], A[0][0]+A[0][5])
A[1][3] = min(A[1][3], A[1][0]+A[0][3])
A[1][4] = min(A[1][4], A[1][0]+A[0][4])
A[1][5] = min(A[1][5], A[1][0]+A[0][5])
A[2][3] = min(A[2][3], A[2][0]+A[0][3])
A[2][4] = min(A[2][4], A[2][0]+A[0][4])
A[2][5] = min(A[2][5], A[2][0]+A[0][5])
A[0][3] = min(A[0][3], A[0][1]+A[1][3])
A[0][4] = min(A[0][4], A[0][1]+A[1][4])
A[0][5] = min(A[0][5], A[0][1]+A[1][5])
A[1][3] = min(A[1][3], A[1][1]+A[1][3])
A[1][4] = min(A[1][4], A[1][1]+A[1][4])
A[1][5] = min(A[1][5], A[1][1]+A[1][5])
A[2][3] = min(A[2][3], A[2][1]+A[1][3])
A[2][4] = min(A[2][4], A[2][1]+A[1][4])
A[2][5] = min(A[2][5], A[2][1]+A[1][5])
A[0][3] = min(A[0][3], A[0][2]+A[2][3])
A[0][4] = min(A[0][4], A[0][2]+A[2][4])
A[0][5] = min(A[0][5], A[0][2]+A[2][5])
A[1][3] = min(A[1][3], A[1][2]+A[2][3])
A[1][4] = min(A[1][4], A[1][2]+A[2][4])
A[1][5] = min(A[1][5], A[1][2]+A[2][5])
A[2][3] = min(A[2][3], A[2][2]+A[2][3])
A[2][4] = min(A[2][4], A[2][2]+A[2][4])
A[2][5] = min(A[2][5], A[2][2]+A[2][5])
FW: K = 0, I = 0, J = 6, N = 3
A[0][6] = min(A[0][6], A[0][0]+A[0][6])
A[0][7] = min(A[0][7], A[0][0]+A[0][7])
A[0][8] = min(A[0][8], A[0][0]+A[0][8])
A[1][6] = min(A[1][6], A[1][0]+A[0][6])
A[1][7] = min(A[1][7], A[1][0]+A[0][7])
A[1][8] = min(A[1][8], A[1][0]+A[0][8])
A[2][6] = min(A[2][6], A[2][0]+A[0][6])
A[2][7] = min(A[2][7], A[2][0]+A[0][7])
A[2][8] = min(A[2][8], A[2][0]+A[0][8])
A[0][6] = min(A[0][6], A[0][1]+A[1][6])
A[0][7] = min(A[0][7], A[0][1]+A[1][7])
A[0][8] = min(A[0][8], A[0][1]+A[1][8])
A[1][6] = min(A[1][6], A[1][1]+A[1][6])
A[1][7] = min(A[1][7], A[1][1]+A[1][7])
A[1][8] = min(A[1][8], A[1][1]+A[1][8])
A[2][6] = min(A[2][6], A[2][1]+A[1][6])
A[2][7] = min(A[2][7], A[2][1]+A[1][7])
A[2][8] = min(A[2][8], A[2][1]+A[1][8])
A[0][6] = min(A[0][6], A[0][2]+A[2][6])
A[0][7] = min(A[0][7], A[0][2]+A[2][7])
A[0][8] = min(A[0][8], A[0][2]+A[2][8])
A[1][6] = min(A[1][6], A[1][2]+A[2][6])
A[1][7] = min(A[1][7], A[1][2]+A[2][7])
A[1][8] = min(A[1][8], A[1][2]+A[2][8])
A[2][6] = min(A[2][6], A[2][2]+A[2][6])
A[2][7] = min(A[2][7], A[2][2]+A[2][7])
A[2][8] = min(A[2][8], A[2][2]+A[2][8])
FW(A,k,i,j,B) = FW(A,0,0,0,3)
FW(A,k,i,j,B) = FW(A,0,0,3,3)
FW(A,k,i,j,B) = FW(A,0,3,0,3)
FW(A,k,i,j,B) = FW(A,0,3,3,3)
FW: K = 0, I = 3, J = 3, N = 3
A[3][3] = min(A[3][3], A[3][0]+A[0][3])
A[3][4] = min(A[3][4], A[3][0]+A[0][4])
A[3][5] = min(A[3][5], A[3][0]+A[0][5])
A[4][3] = min(A[4][3], A[4][0]+A[0][3])
A[4][4] = min(A[4][4], A[4][0]+A[0][4])
A[4][5] = min(A[4][5], A[4][0]+A[0][5])
A[5][3] = min(A[5][3], A[5][0]+A[0][3])
A[5][4] = min(A[5][4], A[5][0]+A[0][4])
A[5][5] = min(A[5][5], A[5][0]+A[0][5])
A[3][3] = min(A[3][3], A[3][1]+A[1][3])
A[3][4] = min(A[3][4], A[3][1]+A[1][4])
A[3][5] = min(A[3][5], A[3][1]+A[1][5])
A[4][3] = min(A[4][3], A[4][1]+A[1][3])
A[4][4] = min(A[4][4], A[4][1]+A[1][4])
A[4][5] = min(A[4][5], A[4][1]+A[1][5])
A[5][3] = min(A[5][3], A[5][1]+A[1][3])
A[5][4] = min(A[5][4], A[5][1]+A[1][4])
A[5][5] = min(A[5][5], A[5][1]+A[1][5])
A[3][3] = min(A[3][3], A[3][2]+A[2][3])
A[3][4] = min(A[3][4], A[3][2]+A[2][4])
A[3][5] = min(A[3][5], A[3][2]+A[2][5])
A[4][3] = min(A[4][3], A[4][2]+A[2][3])
A[4][4] = min(A[4][4], A[4][2]+A[2][4])
A[4][5] = min(A[4][5], A[4][2]+A[2][5])
A[5][3] = min(A[5][3], A[5][2]+A[2][3])
A[5][4] = min(A[5][4], A[5][2]+A[2][4])
A[5][5] = min(A[5][5], A[5][2]+A[2][5])
FW: K = 0, I = 3, J = 6, N = 3
A[3][6] = min(A[3][6], A[3][0]+A[0][6])
A[3][7] = min(A[3][7], A[3][0]+A[0][7])
A[3][8] = min(A[3][8], A[3][0]+A[0][8])
A[4][6] = min(A[4][6], A[4][0]+A[0][6])
A[4][7] = min(A[4][7], A[4][0]+A[0][7])
A[4][8] = min(A[4][8], A[4][0]+A[0][8])
A[5][6] = min(A[5][6], A[5][0]+A[0][6])
A[5][7] = min(A[5][7], A[5][0]+A[0][7])
A[5][8] = min(A[5][8], A[5][0]+A[0][8])
A[3][6] = min(A[3][6], A[3][1]+A[1][6])
A[3][7] = min(A[3][7], A[3][1]+A[1][7])
A[3][8] = min(A[3][8], A[3][1]+A[1][8])
A[4][6] = min(A[4][6], A[4][1]+A[1][6])
A[4][7] = min(A[4][7], A[4][1]+A[1][7])
A[4][8] = min(A[4][8], A[4][1]+A[1][8])
A[5][6] = min(A[5][6], A[5][1]+A[1][6])
A[5][7] = min(A[5][7], A[5][1]+A[1][7])
A[5][8] = min(A[5][8], A[5][1]+A[1][8])
A[3][6] = min(A[3][6], A[3][2]+A[2][6])
A[3][7] = min(A[3][7], A[3][2]+A[2][7])
A[3][8] = min(A[3][8], A[3][2]+A[2][8])
A[4][6] = min(A[4][6], A[4][2]+A[2][6])
A[4][7] = min(A[4][7], A[4][2]+A[2][7])
A[4][8] = min(A[4][8], A[4][2]+A[2][8])
A[5][6] = min(A[5][6], A[5][2]+A[2][6])
A[5][7] = min(A[5][7], A[5][2]+A[2][7])
A[5][8] = min(A[5][8], A[5][2]+A[2][8])
FW: K = 0, I = 6, J = 3, N = 3
A[6][3] = min(A[6][3], A[6][0]+A[0][3])
A[6][4] = min(A[6][4], A[6][0]+A[0][4])
A[6][5] = min(A[6][5], A[6][0]+A[0][5])
A[7][3] = min(A[7][3], A[7][0]+A[0][3])
A[7][4] = min(A[7][4], A[7][0]+A[0][4])
A[7][5] = min(A[7][5], A[7][0]+A[0][5])
A[8][3] = min(A[8][3], A[8][0]+A[0][3])
A[8][4] = min(A[8][4], A[8][0]+A[0][4])
A[8][5] = min(A[8][5], A[8][0]+A[0][5])
A[6][3] = min(A[6][3], A[6][1]+A[1][3])
A[6][4] = min(A[6][4], A[6][1]+A[1][4])
A[6][5] = min(A[6][5], A[6][1]+A[1][5])
A[7][3] = min(A[7][3], A[7][1]+A[1][3])
A[7][4] = min(A[7][4], A[7][1]+A[1][4])
A[7][5] = min(A[7][5], A[7][1]+A[1][5])
A[8][3] = min(A[8][3], A[8][1]+A[1][3])
A[8][4] = min(A[8][4], A[8][1]+A[1][4])
A[8][5] = min(A[8][5], A[8][1]+A[1][5])
A[6][3] = min(A[6][3], A[6][2]+A[2][3])
A[6][4] = min(A[6][4], A[6][2]+A[2][4])
A[6][5] = min(A[6][5], A[6][2]+A[2][5])
A[7][3] = min(A[7][3], A[7][2]+A[2][3])
A[7][4] = min(A[7][4], A[7][2]+A[2][4])
A[7][5] = min(A[7][5], A[7][2]+A[2][5])
A[8][3] = min(A[8][3], A[8][2]+A[2][3])
A[8][4] = min(A[8][4], A[8][2]+A[2][4])
A[8][5] = min(A[8][5], A[8][2]+A[2][5])
FW: K = 0, I = 6, J = 6, N = 3
A[6][6] = min(A[6][6], A[6][0]+A[0][6])
A[6][7] = min(A[6][7], A[6][0]+A[0][7])
A[6][8] = min(A[6][8], A[6][0]+A[0][8])
A[7][6] = min(A[7][6], A[7][0]+A[0][6])
A[7][7] = min(A[7][7], A[7][0]+A[0][7])
A[7][8] = min(A[7][8], A[7][0]+A[0][8])
A[8][6] = min(A[8][6], A[8][0]+A[0][6])
A[8][7] = min(A[8][7], A[8][0]+A[0][7])
A[8][8] = min(A[8][8], A[8][0]+A[0][8])
A[6][6] = min(A[6][6], A[6][1]+A[1][6])
A[6][7] = min(A[6][7], A[6][1]+A[1][7])
A[6][8] = min(A[6][8], A[6][1]+A[1][8])
A[7][6] = min(A[7][6], A[7][1]+A[1][6])
A[7][7] = min(A[7][7], A[7][1]+A[1][7])
A[7][8] = min(A[7][8], A[7][1]+A[1][8])
A[8][6] = min(A[8][6], A[8][1]+A[1][6])
A[8][7] = min(A[8][7], A[8][1]+A[1][7])
A[8][8] = min(A[8][8], A[8][1]+A[1][8])
A[6][6] = min(A[6][6], A[6][2]+A[2][6])
A[6][7] = min(A[6][7], A[6][2]+A[2][7])
A[6][8] = min(A[6][8], A[6][2]+A[2][8])
A[7][6] = min(A[7][6], A[7][2]+A[2][6])
A[7][7] = min(A[7][7], A[7][2]+A[2][7])
A[7][8] = min(A[7][8], A[7][2]+A[2][8])
A[8][6] = min(A[8][6], A[8][2]+A[2][6])
A[8][7] = min(A[8][7], A[8][2]+A[2][7])
A[8][8] = min(A[8][8], A[8][2]+A[2][8])
FW(A,k,k,k,B) = FW(A,3,3,3,3)
FW: K = 3, I = 3, J = 3, N = 3
A[3][3] = min(A[3][3], A[3][3]+A[3][3])
A[3][4] = min(A[3][4], A[3][3]+A[3][4])
A[3][5] = min(A[3][5], A[3][3]+A[3][5])
A[4][3] = min(A[4][3], A[4][3]+A[3][3])
A[4][4] = min(A[4][4], A[4][3]+A[3][4])
A[4][5] = min(A[4][5], A[4][3]+A[3][5])
A[5][3] = min(A[5][3], A[5][3]+A[3][3])
A[5][4] = min(A[5][4], A[5][3]+A[3][4])
A[5][5] = min(A[5][5], A[5][3]+A[3][5])
A[3][3] = min(A[3][3], A[3][4]+A[4][3])
A[3][4] = min(A[3][4], A[3][4]+A[4][4])
A[3][5] = min(A[3][5], A[3][4]+A[4][5])
A[4][3] = min(A[4][3], A[4][4]+A[4][3])
A[4][4] = min(A[4][4], A[4][4]+A[4][4])
A[4][5] = min(A[4][5], A[4][4]+A[4][5])
A[5][3] = min(A[5][3], A[5][4]+A[4][3])
A[5][4] = min(A[5][4], A[5][4]+A[4][4])
A[5][5] = min(A[5][5], A[5][4]+A[4][5])
A[3][3] = min(A[3][3], A[3][5]+A[5][3])
A[3][4] = min(A[3][4], A[3][5]+A[5][4])
A[3][5] = min(A[3][5], A[3][5]+A[5][5])
A[4][3] = min(A[4][3], A[4][5]+A[5][3])
A[4][4] = min(A[4][4], A[4][5]+A[5][4])
A[4][5] = min(A[4][5], A[4][5]+A[5][5])
A[5][3] = min(A[5][3], A[5][5]+A[5][3])
A[5][4] = min(A[5][4], A[5][5]+A[5][4])
A[5][5] = min(A[5][5], A[5][5]+A[5][5])
FW(A,k,i,k,B) = FW(A,3,0,3,3)
FW: K = 3, I = 0, J = 3, N = 3
A[0][3] = min(A[0][3], A[0][3]+A[3][3])
A[0][4] = min(A[0][4], A[0][3]+A[3][4])
A[0][5] = min(A[0][5], A[0][3]+A[3][5])
A[1][3] = min(A[1][3], A[1][3]+A[3][3])
A[1][4] = min(A[1][4], A[1][3]+A[3][4])
A[1][5] = min(A[1][5], A[1][3]+A[3][5])
A[2][3] = min(A[2][3], A[2][3]+A[3][3])
A[2][4] = min(A[2][4], A[2][3]+A[3][4])
A[2][5] = min(A[2][5], A[2][3]+A[3][5])
A[0][3] = min(A[0][3], A[0][4]+A[4][3])
A[0][4] = min(A[0][4], A[0][4]+A[4][4])
A[0][5] = min(A[0][5], A[0][4]+A[4][5])
A[1][3] = min(A[1][3], A[1][4]+A[4][3])
A[1][4] = min(A[1][4], A[1][4]+A[4][4])
A[1][5] = min(A[1][5], A[1][4]+A[4][5])
A[2][3] = min(A[2][3], A[2][4]+A[4][3])
A[2][4] = min(A[2][4], A[2][4]+A[4][4])
A[2][5] = min(A[2][5], A[2][4]+A[4][5])
A[0][3] = min(A[0][3], A[0][5]+A[5][3])
A[0][4] = min(A[0][4], A[0][5]+A[5][4])
A[0][5] = min(A[0][5], A[0][5]+A[5][5])
A[1][3] = min(A[1][3], A[1][5]+A[5][3])
A[1][4] = min(A[1][4], A[1][5]+A[5][4])
A[1][5] = min(A[1][5], A[1][5]+A[5][5])
A[2][3] = min(A[2][3], A[2][5]+A[5][3])
A[2][4] = min(A[2][4], A[2][5]+A[5][4])
A[2][5] = min(A[2][5], A[2][5]+A[5][5])
FW(A,k,i,k,B) = FW(A,3,6,3,3)
FW: K = 3, I = 6, J = 3, N = 3
A[6][3] = min(A[6][3], A[6][3]+A[3][3])
A[6][4] = min(A[6][4], A[6][3]+A[3][4])
A[6][5] = min(A[6][5], A[6][3]+A[3][5])
A[7][3] = min(A[7][3], A[7][3]+A[3][3])
A[7][4] = min(A[7][4], A[7][3]+A[3][4])
A[7][5] = min(A[7][5], A[7][3]+A[3][5])
A[8][3] = min(A[8][3], A[8][3]+A[3][3])
A[8][4] = min(A[8][4], A[8][3]+A[3][4])
A[8][5] = min(A[8][5], A[8][3]+A[3][5])
A[6][3] = min(A[6][3], A[6][4]+A[4][3])
A[6][4] = min(A[6][4], A[6][4]+A[4][4])
A[6][5] = min(A[6][5], A[6][4]+A[4][5])
A[7][3] = min(A[7][3], A[7][4]+A[4][3])
A[7][4] = min(A[7][4], A[7][4]+A[4][4])
A[7][5] = min(A[7][5], A[7][4]+A[4][5])
A[8][3] = min(A[8][3], A[8][4]+A[4][3])
A[8][4] = min(A[8][4], A[8][4]+A[4][4])
A[8][5] = min(A[8][5], A[8][4]+A[4][5])
A[6][3] = min(A[6][3], A[6][5]+A[5][3])
A[6][4] = min(A[6][4], A[6][5]+A[5][4])
A[6][5] = min(A[6][5], A[6][5]+A[5][5])
A[7][3] = min(A[7][3], A[7][5]+A[5][3])
A[7][4] = min(A[7][4], A[7][5]+A[5][4])
A[7][5] = min(A[7][5], A[7][5]+A[5][5])
A[8][3] = min(A[8][3], A[8][5]+A[5][3])
A[8][4] = min(A[8][4], A[8][5]+A[5][4])
A[8][5] = min(A[8][5], A[8][5]+A[5][5])
FW(A,k,k,j,B) = FW(A,3,3,0,3)
FW: K = 3, I = 3, J = 0, N = 3
A[3][0] = min(A[3][0], A[3][3]+A[3][0])
A[3][1] = min(A[3][1], A[3][3]+A[3][1])
A[3][2] = min(A[3][2], A[3][3]+A[3][2])
A[4][0] = min(A[4][0], A[4][3]+A[3][0])
A[4][1] = min(A[4][1], A[4][3]+A[3][1])
A[4][2] = min(A[4][2], A[4][3]+A[3][2])
A[5][0] = min(A[5][0], A[5][3]+A[3][0])
A[5][1] = min(A[5][1], A[5][3]+A[3][1])
A[5][2] = min(A[5][2], A[5][3]+A[3][2])
A[3][0] = min(A[3][0], A[3][4]+A[4][0])
A[3][1] = min(A[3][1], A[3][4]+A[4][1])
A[3][2] = min(A[3][2], A[3][4]+A[4][2])
A[4][0] = min(A[4][0], A[4][4]+A[4][0])
A[4][1] = min(A[4][1], A[4][4]+A[4][1])
A[4][2] = min(A[4][2], A[4][4]+A[4][2])
A[5][0] = min(A[5][0], A[5][4]+A[4][0])
A[5][1] = min(A[5][1], A[5][4]+A[4][1])
A[5][2] = min(A[5][2], A[5][4]+A[4][2])
A[3][0] = min(A[3][0], A[3][5]+A[5][0])
A[3][1] = min(A[3][1], A[3][5]+A[5][1])
A[3][2] = min(A[3][2], A[3][5]+A[5][2])
A[4][0] = min(A[4][0], A[4][5]+A[5][0])
A[4][1] = min(A[4][1], A[4][5]+A[5][1])
A[4][2] = min(A[4][2], A[4][5]+A[5][2])
A[5][0] = min(A[5][0], A[5][5]+A[5][0])
A[5][1] = min(A[5][1], A[5][5]+A[5][1])
A[5][2] = min(A[5][2], A[5][5]+A[5][2])
FW(A,k,k,j,B) = FW(A,3,3,6,3)
FW: K = 3, I = 3, J = 6, N = 3
A[3][6] = min(A[3][6], A[3][3]+A[3][6])
A[3][7] = min(A[3][7], A[3][3]+A[3][7])
A[3][8] = min(A[3][8], A[3][3]+A[3][8])
A[4][6] = min(A[4][6], A[4][3]+A[3][6])
A[4][7] = min(A[4][7], A[4][3]+A[3][7])
A[4][8] = min(A[4][8], A[4][3]+A[3][8])
A[5][6] = min(A[5][6], A[5][3]+A[3][6])
A[5][7] = min(A[5][7], A[5][3]+A[3][7])
A[5][8] = min(A[5][8], A[5][3]+A[3][8])
A[3][6] = min(A[3][6], A[3][4]+A[4][6])
A[3][7] = min(A[3][7], A[3][4]+A[4][7])
A[3][8] = min(A[3][8], A[3][4]+A[4][8])
A[4][6] = min(A[4][6], A[4][4]+A[4][6])
A[4][7] = min(A[4][7], A[4][4]+A[4][7])
A[4][8] = min(A[4][8], A[4][4]+A[4][8])
A[5][6] = min(A[5][6], A[5][4]+A[4][6])
A[5][7] = min(A[5][7], A[5][4]+A[4][7])
A[5][8] = min(A[5][8], A[5][4]+A[4][8])
A[3][6] = min(A[3][6], A[3][5]+A[5][6])
A[3][7] = min(A[3][7], A[3][5]+A[5][7])
A[3][8] = min(A[3][8], A[3][5]+A[5][8])
A[4][6] = min(A[4][6], A[4][5]+A[5][6])
A[4][7] = min(A[4][7], A[4][5]+A[5][7])
A[4][8] = min(A[4][8], A[4][5]+A[5][8])
A[5][6] = min(A[5][6], A[5][5]+A[5][6])
A[5][7] = min(A[5][7], A[5][5]+A[5][7])
A[5][8] = min(A[5][8], A[5][5]+A[5][8])
FW(A,k,i,j,B) = FW(A,3,0,0,3)
FW: K = 3, I = 0, J = 0, N = 3
A[0][0] = min(A[0][0], A[0][3]+A[3][0])
A[0][1] = min(A[0][1], A[0][3]+A[3][1])
A[0][2] = min(A[0][2], A[0][3]+A[3][2])
A[1][0] = min(A[1][0], A[1][3]+A[3][0])
A[1][1] = min(A[1][1], A[1][3]+A[3][1])
A[1][2] = min(A[1][2], A[1][3]+A[3][2])
A[2][0] = min(A[2][0], A[2][3]+A[3][0])
A[2][1] = min(A[2][1], A[2][3]+A[3][1])
A[2][2] = min(A[2][2], A[2][3]+A[3][2])
A[0][0] = min(A[0][0], A[0][4]+A[4][0])
A[0][1] = min(A[0][1], A[0][4]+A[4][1])
A[0][2] = min(A[0][2], A[0][4]+A[4][2])
A[1][0] = min(A[1][0], A[1][4]+A[4][0])
A[1][1] = min(A[1][1], A[1][4]+A[4][1])
A[1][2] = min(A[1][2], A[1][4]+A[4][2])
A[2][0] = min(A[2][0], A[2][4]+A[4][0])
A[2][1] = min(A[2][1], A[2][4]+A[4][1])
A[2][2] = min(A[2][2], A[2][4]+A[4][2])
A[0][0] = min(A[0][0], A[0][5]+A[5][0])
A[0][1] = min(A[0][1], A[0][5]+A[5][1])
A[0][2] = min(A[0][2], A[0][5]+A[5][2])
A[1][0] = min(A[1][0], A[1][5]+A[5][0])
A[1][1] = min(A[1][1], A[1][5]+A[5][1])
A[1][2] = min(A[1][2], A[1][5]+A[5][2])
A[2][0] = min(A[2][0], A[2][5]+A[5][0])
A[2][1] = min(A[2][1], A[2][5]+A[5][1])
A[2][2] = min(A[2][2], A[2][5]+A[5][2])
FW(A,k,i,j,B) = FW(A,3,0,6,3)
FW: K = 3, I = 0, J = 6, N = 3
A[0][6] = min(A[0][6], A[0][3]+A[3][6])
A[0][7] = min(A[0][7], A[0][3]+A[3][7])
A[0][8] = min(A[0][8], A[0][3]+A[3][8])
A[1][6] = min(A[1][6], A[1][3]+A[3][6])
A[1][7] = min(A[1][7], A[1][3]+A[3][7])
A[1][8] = min(A[1][8], A[1][3]+A[3][8])
A[2][6] = min(A[2][6], A[2][3]+A[3][6])
A[2][7] = min(A[2][7], A[2][3]+A[3][7])
A[2][8] = min(A[2][8], A[2][3]+A[3][8])
A[0][6] = min(A[0][6], A[0][4]+A[4][6])
A[0][7] = min(A[0][7], A[0][4]+A[4][7])
A[0][8] = min(A[0][8], A[0][4]+A[4][8])
A[1][6] = min(A[1][6], A[1][4]+A[4][6])
A[1][7] = min(A[1][7], A[1][4]+A[4][7])
A[1][8] = min(A[1][8], A[1][4]+A[4][8])
A[2][6] = min(A[2][6], A[2][4]+A[4][6])
A[2][7] = min(A[2][7], A[2][4]+A[4][7])
A[2][8] = min(A[2][8], A[2][4]+A[4][8])
A[0][6] = min(A[0][6], A[0][5]+A[5][6])
A[0][7] = min(A[0][7], A[0][5]+A[5][7])
A[0][8] = min(A[0][8], A[0][5]+A[5][8])
A[1][6] = min(A[1][6], A[1][5]+A[5][6])
A[1][7] = min(A[1][7], A[1][5]+A[5][7])
A[1][8] = min(A[1][8], A[1][5]+A[5][8])
A[2][6] = min(A[2][6], A[2][5]+A[5][6])
A[2][7] = min(A[2][7], A[2][5]+A[5][7])
A[2][8] = min(A[2][8], A[2][5]+A[5][8])
FW(A,k,i,j,B) = FW(A,3,6,0,3)
FW: K = 3, I = 6, J = 0, N = 3
A[6][0] = min(A[6][0], A[6][3]+A[3][0])
A[6][1] = min(A[6][1], A[6][3]+A[3][1])
A[6][2] = min(A[6][2], A[6][3]+A[3][2])
A[7][0] = min(A[7][0], A[7][3]+A[3][0])
A[7][1] = min(A[7][1], A[7][3]+A[3][1])
A[7][2] = min(A[7][2], A[7][3]+A[3][2])
A[8][0] = min(A[8][0], A[8][3]+A[3][0])
A[8][1] = min(A[8][1], A[8][3]+A[3][1])
A[8][2] = min(A[8][2], A[8][3]+A[3][2])
A[6][0] = min(A[6][0], A[6][4]+A[4][0])
A[6][1] = min(A[6][1], A[6][4]+A[4][1])
A[6][2] = min(A[6][2], A[6][4]+A[4][2])
A[7][0] = min(A[7][0], A[7][4]+A[4][0])
A[7][1] = min(A[7][1], A[7][4]+A[4][1])
A[7][2] = min(A[7][2], A[7][4]+A[4][2])
A[8][0] = min(A[8][0], A[8][4]+A[4][0])
A[8][1] = min(A[8][1], A[8][4]+A[4][1])
A[8][2] = min(A[8][2], A[8][4]+A[4][2])
A[6][0] = min(A[6][0], A[6][5]+A[5][0])
A[6][1] = min(A[6][1], A[6][5]+A[5][1])
A[6][2] = min(A[6][2], A[6][5]+A[5][2])
A[7][0] = min(A[7][0], A[7][5]+A[5][0])
A[7][1] = min(A[7][1], A[7][5]+A[5][1])
A[7][2] = min(A[7][2], A[7][5]+A[5][2])
A[8][0] = min(A[8][0], A[8][5]+A[5][0])
A[8][1] = min(A[8][1], A[8][5]+A[5][1])
A[8][2] = min(A[8][2], A[8][5]+A[5][2])
FW(A,k,i,j,B) = FW(A,3,6,6,3)
FW: K = 3, I = 6, J = 6, N = 3
A[6][6] = min(A[6][6], A[6][3]+A[3][6])
A[6][7] = min(A[6][7], A[6][3]+A[3][7])
A[6][8] = min(A[6][8], A[6][3]+A[3][8])
A[7][6] = min(A[7][6], A[7][3]+A[3][6])
A[7][7] = min(A[7][7], A[7][3]+A[3][7])
A[7][8] = min(A[7][8], A[7][3]+A[3][8])
A[8][6] = min(A[8][6], A[8][3]+A[3][6])
A[8][7] = min(A[8][7], A[8][3]+A[3][7])
A[8][8] = min(A[8][8], A[8][3]+A[3][8])
A[6][6] = min(A[6][6], A[6][4]+A[4][6])
A[6][7] = min(A[6][7], A[6][4]+A[4][7])
A[6][8] = min(A[6][8], A[6][4]+A[4][8])
A[7][6] = min(A[7][6], A[7][4]+A[4][6])
A[7][7] = min(A[7][7], A[7][4]+A[4][7])
A[7][8] = min(A[7][8], A[7][4]+A[4][8])
A[8][6] = min(A[8][6], A[8][4]+A[4][6])
A[8][7] = min(A[8][7], A[8][4]+A[4][7])
A[8][8] = min(A[8][8], A[8][4]+A[4][8])
A[6][6] = min(A[6][6], A[6][5]+A[5][6])
A[6][7] = min(A[6][7], A[6][5]+A[5][7])
A[6][8] = min(A[6][8], A[6][5]+A[5][8])
A[7][6] = min(A[7][6], A[7][5]+A[5][6])
A[7][7] = min(A[7][7], A[7][5]+A[5][7])
A[7][8] = min(A[7][8], A[7][5]+A[5][8])
A[8][6] = min(A[8][6], A[8][5]+A[5][6])
A[8][7] = min(A[8][7], A[8][5]+A[5][7])
A[8][8] = min(A[8][8], A[8][5]+A[5][8])
FW(A,k,k,k,B) = FW(A,6,6,6,3)
FW: K = 6, I = 6, J = 6, N = 3
A[6][6] = min(A[6][6], A[6][6]+A[6][6])
A[6][7] = min(A[6][7], A[6][6]+A[6][7])
A[6][8] = min(A[6][8], A[6][6]+A[6][8])
A[7][6] = min(A[7][6], A[7][6]+A[6][6])
A[7][7] = min(A[7][7], A[7][6]+A[6][7])
A[7][8] = min(A[7][8], A[7][6]+A[6][8])
A[8][6] = min(A[8][6], A[8][6]+A[6][6])
A[8][7] = min(A[8][7], A[8][6]+A[6][7])
A[8][8] = min(A[8][8], A[8][6]+A[6][8])
A[6][6] = min(A[6][6], A[6][7]+A[7][6])
A[6][7] = min(A[6][7], A[6][7]+A[7][7])
A[6][8] = min(A[6][8], A[6][7]+A[7][8])
A[7][6] = min(A[7][6], A[7][7]+A[7][6])
A[7][7] = min(A[7][7], A[7][7]+A[7][7])
A[7][8] = min(A[7][8], A[7][7]+A[7][8])
A[8][6] = min(A[8][6], A[8][7]+A[7][6])
A[8][7] = min(A[8][7], A[8][7]+A[7][7])
A[8][8] = min(A[8][8], A[8][7]+A[7][8])
A[6][6] = min(A[6][6], A[6][8]+A[8][6])
A[6][7] = min(A[6][7], A[6][8]+A[8][7])
A[6][8] = min(A[6][8], A[6][8]+A[8][8])
A[7][6] = min(A[7][6], A[7][8]+A[8][6])
A[7][7] = min(A[7][7], A[7][8]+A[8][7])
A[7][8] = min(A[7][8], A[7][8]+A[8][8])
A[8][6] = min(A[8][6], A[8][8]+A[8][6])
A[8][7] = min(A[8][7], A[8][8]+A[8][7])
A[8][8] = min(A[8][8], A[8][8]+A[8][8])
FW(A,k,i,k,B) = FW(A,6,0,6,3)
FW: K = 6, I = 0, J = 6, N = 3
A[0][6] = min(A[0][6], A[0][6]+A[6][6])
A[0][7] = min(A[0][7], A[0][6]+A[6][7])
A[0][8] = min(A[0][8], A[0][6]+A[6][8])
A[1][6] = min(A[1][6], A[1][6]+A[6][6])
A[1][7] = min(A[1][7], A[1][6]+A[6][7])
A[1][8] = min(A[1][8], A[1][6]+A[6][8])
A[2][6] = min(A[2][6], A[2][6]+A[6][6])
A[2][7] = min(A[2][7], A[2][6]+A[6][7])
A[2][8] = min(A[2][8], A[2][6]+A[6][8])
A[0][6] = min(A[0][6], A[0][7]+A[7][6])
A[0][7] = min(A[0][7], A[0][7]+A[7][7])
A[0][8] = min(A[0][8], A[0][7]+A[7][8])
A[1][6] = min(A[1][6], A[1][7]+A[7][6])
A[1][7] = min(A[1][7], A[1][7]+A[7][7])
A[1][8] = min(A[1][8], A[1][7]+A[7][8])
A[2][6] = min(A[2][6], A[2][7]+A[7][6])
A[2][7] = min(A[2][7], A[2][7]+A[7][7])
A[2][8] = min(A[2][8], A[2][7]+A[7][8])
A[0][6] = min(A[0][6], A[0][8]+A[8][6])
A[0][7] = min(A[0][7], A[0][8]+A[8][7])
A[0][8] = min(A[0][8], A[0][8]+A[8][8])
A[1][6] = min(A[1][6], A[1][8]+A[8][6])
A[1][7] = min(A[1][7], A[1][8]+A[8][7])
A[1][8] = min(A[1][8], A[1][8]+A[8][8])
A[2][6] = min(A[2][6], A[2][8]+A[8][6])
A[2][7] = min(A[2][7], A[2][8]+A[8][7])
A[2][8] = min(A[2][8], A[2][8]+A[8][8])
FW: K = 6, I = 3, J = 6, N = 3
A[3][6] = min(A[3][6], A[3][6]+A[6][6])
A[3][7] = min(A[3][7], A[3][6]+A[6][7])
A[3][8] = min(A[3][8], A[3][6]+A[6][8])
A[4][6] = min(A[4][6], A[4][6]+A[6][6])
A[4][7] = min(A[4][7], A[4][6]+A[6][7])
A[4][8] = min(A[4][8], A[4][6]+A[6][8])
A[5][6] = min(A[5][6], A[5][6]+A[6][6])
A[5][7] = min(A[5][7], A[5][6]+A[6][7])
A[5][8] = min(A[5][8], A[5][6]+A[6][8])
A[3][6] = min(A[3][6], A[3][7]+A[7][6])
A[3][7] = min(A[3][7], A[3][7]+A[7][7])
A[3][8] = min(A[3][8], A[3][7]+A[7][8])
A[4][6] = min(A[4][6], A[4][7]+A[7][6])
A[4][7] = min(A[4][7], A[4][7]+A[7][7])
A[4][8] = min(A[4][8], A[4][7]+A[7][8])
A[5][6] = min(A[5][6], A[5][7]+A[7][6])
A[5][7] = min(A[5][7], A[5][7]+A[7][7])
A[5][8] = min(A[5][8], A[5][7]+A[7][8])
A[3][6] = min(A[3][6], A[3][8]+A[8][6])
A[3][7] = min(A[3][7], A[3][8]+A[8][7])
A[3][8] = min(A[3][8], A[3][8]+A[8][8])
A[4][6] = min(A[4][6], A[4][8]+A[8][6])
A[4][7] = min(A[4][7], A[4][8]+A[8][7])
A[4][8] = min(A[4][8], A[4][8]+A[8][8])
A[5][6] = min(A[5][6], A[5][8]+A[8][6])
A[5][7] = min(A[5][7], A[5][8]+A[8][7])
A[5][8] = min(A[5][8], A[5][8]+A[8][8])
FW(A,k,i,k,B) = FW(A,6,9,6,3)
FW(A,k,k,j,B) = FW(A,6,6,0,3)
FW: K = 6, I = 6, J = 0, N = 3
A[6][0] = min(A[6][0], A[6][6]+A[6][0])
A[6][1] = min(A[6][1], A[6][6]+A[6][1])
A[6][2] = min(A[6][2], A[6][6]+A[6][2])
A[7][0] = min(A[7][0], A[7][6]+A[6][0])
A[7][1] = min(A[7][1], A[7][6]+A[6][1])
A[7][2] = min(A[7][2], A[7][6]+A[6][2])
A[8][0] = min(A[8][0], A[8][6]+A[6][0])
A[8][1] = min(A[8][1], A[8][6]+A[6][1])
A[8][2] = min(A[8][2], A[8][6]+A[6][2])
A[6][0] = min(A[6][0], A[6][7]+A[7][0])
A[6][1] = min(A[6][1], A[6][7]+A[7][1])
A[6][2] = min(A[6][2], A[6][7]+A[7][2])
A[7][0] = min(A[7][0], A[7][7]+A[7][0])
A[7][1] = min(A[7][1], A[7][7]+A[7][1])
A[7][2] = min(A[7][2], A[7][7]+A[7][2])
A[8][0] = min(A[8][0], A[8][7]+A[7][0])
A[8][1] = min(A[8][1], A[8][7]+A[7][1])
A[8][2] = min(A[8][2], A[8][7]+A[7][2])
A[6][0] = min(A[6][0], A[6][8]+A[8][0])
A[6][1] = min(A[6][1], A[6][8]+A[8][1])
A[6][2] = min(A[6][2], A[6][8]+A[8][2])
A[7][0] = min(A[7][0], A[7][8]+A[8][0])
A[7][1] = min(A[7][1], A[7][8]+A[8][1])
A[7][2] = min(A[7][2], A[7][8]+A[8][2])
A[8][0] = min(A[8][0], A[8][8]+A[8][0])
A[8][1] = min(A[8][1], A[8][8]+A[8][1])
A[8][2] = min(A[8][2], A[8][8]+A[8][2])
FW: K = 6, I = 6, J = 3, N = 3
A[6][3] = min(A[6][3], A[6][6]+A[6][3])
A[6][4] = min(A[6][4], A[6][6]+A[6][4])
A[6][5] = min(A[6][5], A[6][6]+A[6][5])
A[7][3] = min(A[7][3], A[7][6]+A[6][3])
A[7][4] = min(A[7][4], A[7][6]+A[6][4])
A[7][5] = min(A[7][5], A[7][6]+A[6][5])
A[8][3] = min(A[8][3], A[8][6]+A[6][3])
A[8][4] = min(A[8][4], A[8][6]+A[6][4])
A[8][5] = min(A[8][5], A[8][6]+A[6][5])
A[6][3] = min(A[6][3], A[6][7]+A[7][3])
A[6][4] = min(A[6][4], A[6][7]+A[7][4])
A[6][5] = min(A[6][5], A[6][7]+A[7][5])
A[7][3] = min(A[7][3], A[7][7]+A[7][3])
A[7][4] = min(A[7][4], A[7][7]+A[7][4])
A[7][5] = min(A[7][5], A[7][7]+A[7][5])
A[8][3] = min(A[8][3], A[8][7]+A[7][3])
A[8][4] = min(A[8][4], A[8][7]+A[7][4])
A[8][5] = min(A[8][5], A[8][7]+A[7][5])
A[6][3] = min(A[6][3], A[6][8]+A[8][3])
A[6][4] = min(A[6][4], A[6][8]+A[8][4])
A[6][5] = min(A[6][5], A[6][8]+A[8][5])
A[7][3] = min(A[7][3], A[7][8]+A[8][3])
A[7][4] = min(A[7][4], A[7][8]+A[8][4])
A[7][5] = min(A[7][5], A[7][8]+A[8][5])
A[8][3] = min(A[8][3], A[8][8]+A[8][3])
A[8][4] = min(A[8][4], A[8][8]+A[8][4])
A[8][5] = min(A[8][5], A[8][8]+A[8][5])
FW(A,k,k,j,B) = FW(A,6,6,9,3)
FW(A,k,i,j,B) = FW(A,6,0,0,3)
FW: K = 6, I = 0, J = 0, N = 3
A[0][0] = min(A[0][0], A[0][6]+A[6][0])
A[0][1] = min(A[0][1], A[0][6]+A[6][1])
A[0][2] = min(A[0][2], A[0][6]+A[6][2])
A[1][0] = min(A[1][0], A[1][6]+A[6][0])
A[1][1] = min(A[1][1], A[1][6]+A[6][1])
A[1][2] = min(A[1][2], A[1][6]+A[6][2])
A[2][0] = min(A[2][0], A[2][6]+A[6][0])
A[2][1] = min(A[2][1], A[2][6]+A[6][1])
A[2][2] = min(A[2][2], A[2][6]+A[6][2])
A[0][0] = min(A[0][0], A[0][7]+A[7][0])
A[0][1] = min(A[0][1], A[0][7]+A[7][1])
A[0][2] = min(A[0][2], A[0][7]+A[7][2])
A[1][0] = min(A[1][0], A[1][7]+A[7][0])
A[1][1] = min(A[1][1], A[1][7]+A[7][1])
A[1][2] = min(A[1][2], A[1][7]+A[7][2])
A[2][0] = min(A[2][0], A[2][7]+A[7][0])
A[2][1] = min(A[2][1], A[2][7]+A[7][1])
A[2][2] = min(A[2][2], A[2][7]+A[7][2])
A[0][0] = min(A[0][0], A[0][8]+A[8][0])
A[0][1] = min(A[0][1], A[0][8]+A[8][1])
A[0][2] = min(A[0][2], A[0][8]+A[8][2])
A[1][0] = min(A[1][0], A[1][8]+A[8][0])
A[1][1] = min(A[1][1], A[1][8]+A[8][1])
A[1][2] = min(A[1][2], A[1][8]+A[8][2])
A[2][0] = min(A[2][0], A[2][8]+A[8][0])
A[2][1] = min(A[2][1], A[2][8]+A[8][1])
A[2][2] = min(A[2][2], A[2][8]+A[8][2])
FW: K = 6, I = 0, J = 3, N = 3
A[0][3] = min(A[0][3], A[0][6]+A[6][3])
A[0][4] = min(A[0][4], A[0][6]+A[6][4])
A[0][5] = min(A[0][5], A[0][6]+A[6][5])
A[1][3] = min(A[1][3], A[1][6]+A[6][3])
A[1][4] = min(A[1][4], A[1][6]+A[6][4])
A[1][5] = min(A[1][5], A[1][6]+A[6][5])
A[2][3] = min(A[2][3], A[2][6]+A[6][3])
A[2][4] = min(A[2][4], A[2][6]+A[6][4])
A[2][5] = min(A[2][5], A[2][6]+A[6][5])
A[0][3] = min(A[0][3], A[0][7]+A[7][3])
A[0][4] = min(A[0][4], A[0][7]+A[7][4])
A[0][5] = min(A[0][5], A[0][7]+A[7][5])
A[1][3] = min(A[1][3], A[1][7]+A[7][3])
A[1][4] = min(A[1][4], A[1][7]+A[7][4])
A[1][5] = min(A[1][5], A[1][7]+A[7][5])
A[2][3] = min(A[2][3], A[2][7]+A[7][3])
A[2][4] = min(A[2][4], A[2][7]+A[7][4])
A[2][5] = min(A[2][5], A[2][7]+A[7][5])
A[0][3] = min(A[0][3], A[0][8]+A[8][3])
A[0][4] = min(A[0][4], A[0][8]+A[8][4])
A[0][5] = min(A[0][5], A[0][8]+A[8][5])
A[1][3] = min(A[1][3], A[1][8]+A[8][3])
A[1][4] = min(A[1][4], A[1][8]+A[8][4])
A[1][5] = min(A[1][5], A[1][8]+A[8][5])
A[2][3] = min(A[2][3], A[2][8]+A[8][3])
A[2][4] = min(A[2][4], A[2][8]+A[8][4])
A[2][5] = min(A[2][5], A[2][8]+A[8][5])
FW: K = 6, I = 3, J = 0, N = 3
A[3][0] = min(A[3][0], A[3][6]+A[6][0])
A[3][1] = min(A[3][1], A[3][6]+A[6][1])
A[3][2] = min(A[3][2], A[3][6]+A[6][2])
A[4][0] = min(A[4][0], A[4][6]+A[6][0])
A[4][1] = min(A[4][1], A[4][6]+A[6][1])
A[4][2] = min(A[4][2], A[4][6]+A[6][2])
A[5][0] = min(A[5][0], A[5][6]+A[6][0])
A[5][1] = min(A[5][1], A[5][6]+A[6][1])
A[5][2] = min(A[5][2], A[5][6]+A[6][2])
A[3][0] = min(A[3][0], A[3][7]+A[7][0])
A[3][1] = min(A[3][1], A[3][7]+A[7][1])
A[3][2] = min(A[3][2], A[3][7]+A[7][2])
A[4][0] = min(A[4][0], A[4][7]+A[7][0])
A[4][1] = min(A[4][1], A[4][7]+A[7][1])
A[4][2] = min(A[4][2], A[4][7]+A[7][2])
A[5][0] = min(A[5][0], A[5][7]+A[7][0])
A[5][1] = min(A[5][1], A[5][7]+A[7][1])
A[5][2] = min(A[5][2], A[5][7]+A[7][2])
A[3][0] = min(A[3][0], A[3][8]+A[8][0])
A[3][1] = min(A[3][1], A[3][8]+A[8][1])
A[3][2] = min(A[3][2], A[3][8]+A[8][2])
A[4][0] = min(A[4][0], A[4][8]+A[8][0])
A[4][1] = min(A[4][1], A[4][8]+A[8][1])
A[4][2] = min(A[4][2], A[4][8]+A[8][2])
A[5][0] = min(A[5][0], A[5][8]+A[8][0])
A[5][1] = min(A[5][1], A[5][8]+A[8][1])
A[5][2] = min(A[5][2], A[5][8]+A[8][2])
FW: K = 6, I = 3, J = 3, N = 3
A[3][3] = min(A[3][3], A[3][6]+A[6][3])
A[3][4] = min(A[3][4], A[3][6]+A[6][4])
A[3][5] = min(A[3][5], A[3][6]+A[6][5])
A[4][3] = min(A[4][3], A[4][6]+A[6][3])
A[4][4] = min(A[4][4], A[4][6]+A[6][4])
A[4][5] = min(A[4][5], A[4][6]+A[6][5])
A[5][3] = min(A[5][3], A[5][6]+A[6][3])
A[5][4] = min(A[5][4], A[5][6]+A[6][4])
A[5][5] = min(A[5][5], A[5][6]+A[6][5])
A[3][3] = min(A[3][3], A[3][7]+A[7][3])
A[3][4] = min(A[3][4], A[3][7]+A[7][4])
A[3][5] = min(A[3][5], A[3][7]+A[7][5])
A[4][3] = min(A[4][3], A[4][7]+A[7][3])
A[4][4] = min(A[4][4], A[4][7]+A[7][4])
A[4][5] = min(A[4][5], A[4][7]+A[7][5])
A[5][3] = min(A[5][3], A[5][7]+A[7][3])
A[5][4] = min(A[5][4], A[5][7]+A[7][4])
A[5][5] = min(A[5][5], A[5][7]+A[7][5])
A[3][3] = min(A[3][3], A[3][8]+A[8][3])
A[3][4] = min(A[3][4], A[3][8]+A[8][4])
A[3][5] = min(A[3][5], A[3][8]+A[8][5])
A[4][3] = min(A[4][3], A[4][8]+A[8][3])
A[4][4] = min(A[4][4], A[4][8]+A[8][4])
A[4][5] = min(A[4][5], A[4][8]+A[8][5])
A[5][3] = min(A[5][3], A[5][8]+A[8][3])
A[5][4] = min(A[5][4], A[5][8]+A[8][4])
A[5][5] = min(A[5][5], A[5][8]+A[8][5])
FW(A,k,i,j,B) = FW(A,6,0,9,3)
FW(A,k,i,j,B) = FW(A,6,9,0,3)
FW(A,k,i,j,B) = FW(A,6,9,9,3)
FW_TILED,9,3,0.0004
